app/build/intermediates/manifest_merge_blame_file/release/manifest-merger-blame-release-report.txt
1<?xml version="1.0" encoding="utf-8"?>
2<manifest xmlns:android="http://schemas.android.com/apk/res/android"
3    package="com.jiliu.launcher"
4    android:versionCode="10"
5    android:versionName="1.7.0" >
6
7    <uses-sdk
8        android:minSdkVersion="24"
9        android:targetSdkVersion="34" />
10
11    <!-- Network Permissions -->
12    <uses-permission android:name="android.permission.INTERNET" />
12-->src/main/AndroidManifest.xml:6:5-67
12-->src/main/AndroidManifest.xml:6:22-64
13    <uses-permission android:name="android.permission.ACCESS_NETWORK_STATE" />
13-->src/main/AndroidManifest.xml:7:5-79
13-->src/main/AndroidManifest.xml:7:22-76
14    <uses-permission android:name="android.permission.ACCESS_WIFI_STATE" />
14-->src/main/AndroidManifest.xml:8:5-76
14-->src/main/AndroidManifest.xml:8:22-73
15
16    <!-- Storage Permissions -->
17    <uses-permission
17-->src/main/AndroidManifest.xml:11:5-12:38
18        android:name="android.permission.READ_EXTERNAL_STORAGE"
18-->src/main/AndroidManifest.xml:11:22-77
19        android:maxSdkVersion="32" />
19-->src/main/AndroidManifest.xml:12:9-35
20    <uses-permission
20-->src/main/AndroidManifest.xml:13:5-14:38
21        android:name="android.permission.WRITE_EXTERNAL_STORAGE"
21-->src/main/AndroidManifest.xml:13:22-78
22        android:maxSdkVersion="29" />
22-->src/main/AndroidManifest.xml:14:9-35
23    <uses-permission android:name="android.permission.READ_MEDIA_IMAGES" />
23-->src/main/AndroidManifest.xml:15:5-76
23-->src/main/AndroidManifest.xml:15:22-73
24    <uses-permission android:name="android.permission.READ_MEDIA_VIDEO" />
24-->src/main/AndroidManifest.xml:16:5-75
24-->src/main/AndroidManifest.xml:16:22-72
25    <uses-permission android:name="android.permission.READ_MEDIA_AUDIO" />
25-->src/main/AndroidManifest.xml:17:5-75
25-->src/main/AndroidManifest.xml:17:22-72
26    <uses-permission android:name="android.permission.MANAGE_EXTERNAL_STORAGE" />
26-->src/main/AndroidManifest.xml:18:5-19:40
26-->src/main/AndroidManifest.xml:18:22-79
27
28    <!-- System Permissions -->
29    <uses-permission android:name="android.permission.SYSTEM_ALERT_WINDOW" />
29-->src/main/AndroidManifest.xml:22:5-78
29-->src/main/AndroidManifest.xml:22:22-75
30    <uses-permission android:name="android.permission.REQUEST_INSTALL_PACKAGES" />
30-->src/main/AndroidManifest.xml:23:5-83
30-->src/main/AndroidManifest.xml:23:22-80
31    <uses-permission android:name="android.permission.SET_WALLPAPER" />
31-->src/main/AndroidManifest.xml:24:5-72
31-->src/main/AndroidManifest.xml:24:22-69
32    <uses-permission android:name="android.permission.WRITE_SETTINGS" />
32-->src/main/AndroidManifest.xml:25:5-73
32-->src/main/AndroidManifest.xml:25:22-70
33    <uses-permission android:name="android.permission.WRITE_SECURE_SETTINGS" />
33-->src/main/AndroidManifest.xml:26:5-80
33-->src/main/AndroidManifest.xml:26:22-77
34    <uses-permission android:name="android.permission.PACKAGE_USAGE_STATS" />
34-->src/main/AndroidManifest.xml:27:5-28:47
34-->src/main/AndroidManifest.xml:27:22-75
35    <uses-permission android:name="android.permission.FOREGROUND_SERVICE" />
35-->src/main/AndroidManifest.xml:29:5-77
35-->src/main/AndroidManifest.xml:29:22-74
36    <uses-permission android:name="android.permission.FOREGROUND_SERVICE_MEDIA_PLAYBACK" />
36-->src/main/AndroidManifest.xml:30:5-92
36-->src/main/AndroidManifest.xml:30:22-89
37    <uses-permission android:name="android.permission.RECEIVE_BOOT_COMPLETED" />
37-->src/main/AndroidManifest.xml:31:5-81
37-->src/main/AndroidManifest.xml:31:22-78
38    <uses-permission android:name="android.permission.QUERY_ALL_PACKAGES" />
38-->src/main/AndroidManifest.xml:32:5-33:53
38-->src/main/AndroidManifest.xml:32:22-74
39
40    <!-- Car API Permissions -->
41    <uses-permission android:name="android.car.permission.CAR_INFO" />
41-->src/main/AndroidManifest.xml:36:5-71
41-->src/main/AndroidManifest.xml:36:22-68
42    <uses-permission android:name="android.car.permission.CAR_CONTROL_AUDIO_VOLUME" />
42-->src/main/AndroidManifest.xml:37:5-87
42-->src/main/AndroidManifest.xml:37:22-84
43    <uses-permission android:name="android.car.permission.CAR_ENERGY" />
43-->src/main/AndroidManifest.xml:38:5-73
43-->src/main/AndroidManifest.xml:38:22-70
44    <uses-permission android:name="android.car.permission.CAR_SPEED" />
44-->src/main/AndroidManifest.xml:39:5-72
44-->src/main/AndroidManifest.xml:39:22-69
45    <uses-permission android:name="android.car.permission.CAR_POWERTRAIN" />
45-->src/main/AndroidManifest.xml:40:5-77
45-->src/main/AndroidManifest.xml:40:22-74
46    <uses-permission android:name="android.car.permission.CAR_EXTERIOR_ENVIRONMENT" />
46-->src/main/AndroidManifest.xml:41:5-87
46-->src/main/AndroidManifest.xml:41:22-84
47    <uses-permission android:name="android.car.permission.CAR_VENDOR_EXTENSION" />
47-->src/main/AndroidManifest.xml:42:5-83
47-->src/main/AndroidManifest.xml:42:22-80
48
49    <!-- Bluetooth Permissions -->
50    <uses-permission android:name="android.permission.BLUETOOTH" />
50-->src/main/AndroidManifest.xml:45:5-68
50-->src/main/AndroidManifest.xml:45:22-65
51    <uses-permission android:name="android.permission.BLUETOOTH_ADMIN" />
51-->src/main/AndroidManifest.xml:46:5-74
51-->src/main/AndroidManifest.xml:46:22-71
52    <uses-permission android:name="android.permission.BLUETOOTH_CONNECT" />
52-->src/main/AndroidManifest.xml:47:5-76
52-->src/main/AndroidManifest.xml:47:22-73
53
54    <!-- Notification -->
55    <uses-permission android:name="android.permission.POST_NOTIFICATIONS" />
55-->src/main/AndroidManifest.xml:50:5-77
55-->src/main/AndroidManifest.xml:50:22-74
56
57    <queries>
57-->[androidx.car.app:app:1.4.0] AndroidManifest.xml:23:5-28:15
58        <provider
58-->[androidx.car.app:app:1.4.0] AndroidManifest.xml:24:9-27:43
59            android:name="androidx.car.app.connection.provider"
59-->[androidx.car.app:app:1.4.0] AndroidManifest.xml:25:13-64
60            android:authorities="androidx.car.app.connection" />
60-->[androidx.car.app:app:1.4.0] AndroidManifest.xml:26:13-62
61    </queries>
62
63    <uses-permission android:name="android.permission.WAKE_LOCK" />
63-->[androidx.work:work-runtime:2.9.0] AndroidManifest.xml:23:5-68
63-->[androidx.work:work-runtime:2.9.0] AndroidManifest.xml:23:22-65
64
65    <permission
65-->[androidx.core:core:1.12.0] AndroidManifest.xml:22:5-24:47
66        android:name="com.jiliu.launcher.DYNAMIC_RECEIVER_NOT_EXPORTED_PERMISSION"
66-->[androidx.core:core:1.12.0] AndroidManifest.xml:23:9-81
67        android:protectionLevel="signature" />
67-->[androidx.core:core:1.12.0] AndroidManifest.xml:24:9-44
68
69    <uses-permission android:name="com.jiliu.launcher.DYNAMIC_RECEIVER_NOT_EXPORTED_PERMISSION" />
69-->[androidx.core:core:1.12.0] AndroidManifest.xml:26:5-97
69-->[androidx.core:core:1.12.0] AndroidManifest.xml:26:22-94
70
71    <application
71-->src/main/AndroidManifest.xml:52:5-259:19
72        android:name="com.jiliu.launcher.App"
72-->src/main/AndroidManifest.xml:53:9-28
73        android:allowBackup="true"
73-->src/main/AndroidManifest.xml:54:9-35
74        android:appComponentFactory="androidx.core.app.CoreComponentFactory"
74-->[androidx.core:core:1.12.0] AndroidManifest.xml:28:18-86
75        android:enabled="true"
75-->src/main/AndroidManifest.xml:60:9-31
76        android:excludeFromRecents="false"
76-->src/main/AndroidManifest.xml:62:9-43
77        android:extractNativeLibs="false"
78        android:icon="@mipmap/ic_launcher"
78-->src/main/AndroidManifest.xml:55:9-43
79        android:label="@string/app_name"
79-->src/main/AndroidManifest.xml:56:9-41
80        android:launchMode="singleTask"
80-->src/main/AndroidManifest.xml:61:9-40
81        android:resizeableActivity="true"
81-->src/main/AndroidManifest.xml:63:9-42
82        android:roundIcon="@mipmap/ic_launcher_round"
82-->src/main/AndroidManifest.xml:57:9-54
83        android:supportsRtl="true"
83-->src/main/AndroidManifest.xml:58:9-35
84        android:theme="@style/Theme.JiLiuLauncher"
84-->src/main/AndroidManifest.xml:59:9-51
85        android:usesCleartextTraffic="true" >
85-->src/main/AndroidManifest.xml:64:9-44
86
87        <!-- Main Launcher Activity -->
88        <activity
88-->src/main/AndroidManifest.xml:68:9-83:20
89            android:name="com.jiliu.launcher.ui.main.MainActivity"
89-->src/main/AndroidManifest.xml:69:13-49
90            android:configChanges="orientation|screenSize|screenLayout|keyboard|keyboardHidden"
90-->src/main/AndroidManifest.xml:74:13-96
91            android:exported="true"
91-->src/main/AndroidManifest.xml:70:13-36
92            android:launchMode="singleTask"
92-->src/main/AndroidManifest.xml:71:13-44
93            android:screenOrientation="unspecified"
93-->src/main/AndroidManifest.xml:75:13-52
94            android:stateNotNeeded="true"
94-->src/main/AndroidManifest.xml:72:13-42
95            android:theme="@style/Theme.JiLiuLauncher.Main"
95-->src/main/AndroidManifest.xml:73:13-60
96            android:windowSoftInputMode="adjustResize" >
96-->src/main/AndroidManifest.xml:76:13-55
97            <intent-filter>
97-->src/main/AndroidManifest.xml:77:13-82:29
98                <action android:name="android.intent.action.MAIN" />
98-->src/main/AndroidManifest.xml:78:17-69
98-->src/main/AndroidManifest.xml:78:25-66
99
100                <category android:name="android.intent.category.LAUNCHER" />
100-->src/main/AndroidManifest.xml:79:17-77
100-->src/main/AndroidManifest.xml:79:27-74
101                <category android:name="android.intent.category.HOME" />
101-->src/main/AndroidManifest.xml:80:17-73
101-->src/main/AndroidManifest.xml:80:27-70
102                <category android:name="android.intent.category.DEFAULT" />
102-->src/main/AndroidManifest.xml:81:17-76
102-->src/main/AndroidManifest.xml:81:27-73
103            </intent-filter>
104        </activity>
105
106        <!-- Settings Activity -->
107        <activity
107-->src/main/AndroidManifest.xml:86:9-89:58
108            android:name="com.jiliu.launcher.ui.settings.SettingsActivity"
108-->src/main/AndroidManifest.xml:87:13-57
109            android:exported="false"
109-->src/main/AndroidManifest.xml:88:13-37
110            android:theme="@style/Theme.JiLiuLauncher" />
110-->src/main/AndroidManifest.xml:89:13-55
111
112        <!-- File Manager Activity -->
113        <activity
113-->src/main/AndroidManifest.xml:92:9-95:58
114            android:name="com.jiliu.launcher.ui.filemanager.FileManagerActivity"
114-->src/main/AndroidManifest.xml:93:13-63
115            android:exported="false"
115-->src/main/AndroidManifest.xml:94:13-37
116            android:theme="@style/Theme.JiLiuLauncher" />
116-->src/main/AndroidManifest.xml:95:13-55
117
118        <!-- App Manager Activity -->
119        <activity
119-->src/main/AndroidManifest.xml:98:9-101:58
120            android:name="com.jiliu.launcher.ui.appmanager.AppManagerActivity"
120-->src/main/AndroidManifest.xml:99:13-61
121            android:exported="false"
121-->src/main/AndroidManifest.xml:100:13-37
122            android:theme="@style/Theme.JiLiuLauncher" />
122-->src/main/AndroidManifest.xml:101:13-55
123
124        <!-- Wallpaper Activity -->
125        <activity
125-->src/main/AndroidManifest.xml:104:9-107:58
126            android:name="com.jiliu.launcher.ui.wallpaper.WallpaperActivity"
126-->src/main/AndroidManifest.xml:105:13-59
127            android:exported="false"
127-->src/main/AndroidManifest.xml:106:13-37
128            android:theme="@style/Theme.JiLiuLauncher" />
128-->src/main/AndroidManifest.xml:107:13-55
129
130        <!-- Member/VIP Activity -->
131        <activity
131-->src/main/AndroidManifest.xml:110:9-113:58
132            android:name="com.jiliu.launcher.ui.member.MemberActivity"
132-->src/main/AndroidManifest.xml:111:13-53
133            android:exported="false"
133-->src/main/AndroidManifest.xml:112:13-37
134            android:theme="@style/Theme.JiLiuLauncher" />
134-->src/main/AndroidManifest.xml:113:13-55
135
136        <!-- Login Activity -->
137        <activity
137-->src/main/AndroidManifest.xml:116:9-119:58
138            android:name="com.jiliu.launcher.ui.member.LoginActivity"
138-->src/main/AndroidManifest.xml:117:13-52
139            android:exported="false"
139-->src/main/AndroidManifest.xml:118:13-37
140            android:theme="@style/Theme.JiLiuLauncher" />
140-->src/main/AndroidManifest.xml:119:13-55
141
142        <!-- Register Activity -->
143        <activity
143-->src/main/AndroidManifest.xml:122:9-125:58
144            android:name="com.jiliu.launcher.ui.member.RegisterActivity"
144-->src/main/AndroidManifest.xml:123:13-55
145            android:exported="false"
145-->src/main/AndroidManifest.xml:124:13-37
146            android:theme="@style/Theme.JiLiuLauncher" />
146-->src/main/AndroidManifest.xml:125:13-55
147
148        <!-- Forgot Password Activity -->
149        <activity
149-->src/main/AndroidManifest.xml:128:9-131:58
150            android:name="com.jiliu.launcher.ui.member.ForgotPasswordActivity"
150-->src/main/AndroidManifest.xml:129:13-61
151            android:exported="false"
151-->src/main/AndroidManifest.xml:130:13-37
152            android:theme="@style/Theme.JiLiuLauncher" />
152-->src/main/AndroidManifest.xml:131:13-55
153
154        <!-- VIP Purchase Activity -->
155        <activity
155-->src/main/AndroidManifest.xml:134:9-137:58
156            android:name="com.jiliu.launcher.ui.vip.VipPurchaseActivity"
156-->src/main/AndroidManifest.xml:135:13-55
157            android:exported="false"
157-->src/main/AndroidManifest.xml:136:13-37
158            android:theme="@style/Theme.JiLiuLauncher" />
158-->src/main/AndroidManifest.xml:137:13-55
159
160        <!-- Activation Code Purchase Activity -->
161        <activity
161-->src/main/AndroidManifest.xml:140:9-143:58
162            android:name="com.jiliu.launcher.ui.vip.ActivationCodePurchaseActivity"
162-->src/main/AndroidManifest.xml:141:13-66
163            android:exported="false"
163-->src/main/AndroidManifest.xml:142:13-37
164            android:theme="@style/Theme.JiLiuLauncher" />
164-->src/main/AndroidManifest.xml:143:13-55
165
166        <!-- Pay Result Activity -->
167        <activity
167-->src/main/AndroidManifest.xml:146:9-149:58
168            android:name="com.jiliu.launcher.ui.pay.PayResultActivity"
168-->src/main/AndroidManifest.xml:147:13-53
169            android:exported="false"
169-->src/main/AndroidManifest.xml:148:13-37
170            android:theme="@style/Theme.JiLiuLauncher" />
170-->src/main/AndroidManifest.xml:149:13-55
171
172        <!-- Video Player Activity -->
173        <activity
173-->src/main/AndroidManifest.xml:152:9-156:65
174            android:name="com.jiliu.launcher.ui.player.PlayerActivity"
174-->src/main/AndroidManifest.xml:153:13-53
175            android:configChanges="orientation|screenSize"
175-->src/main/AndroidManifest.xml:155:13-59
176            android:exported="false"
176-->src/main/AndroidManifest.xml:154:13-37
177            android:theme="@style/Theme.JiLiuLauncher.Player" />
177-->src/main/AndroidManifest.xml:156:13-62
178
179        <!-- Cleanup Activity -->
180        <activity
180-->src/main/AndroidManifest.xml:159:9-162:58
181            android:name="com.jiliu.launcher.ui.settings.CleanupActivity"
181-->src/main/AndroidManifest.xml:160:13-56
182            android:exported="false"
182-->src/main/AndroidManifest.xml:161:13-37
183            android:theme="@style/Theme.JiLiuLauncher" />
183-->src/main/AndroidManifest.xml:162:13-55
184
185        <!-- Recent Tasks Activity -->
186        <activity
186-->src/main/AndroidManifest.xml:165:9-168:58
187            android:name="com.jiliu.launcher.ui.settings.RecentTasksActivity"
187-->src/main/AndroidManifest.xml:166:13-60
188            android:exported="false"
188-->src/main/AndroidManifest.xml:167:13-37
189            android:theme="@style/Theme.JiLiuLauncher" />
189-->src/main/AndroidManifest.xml:168:13-55
190
191        <!-- Image Preview Activity -->
192        <activity
192-->src/main/AndroidManifest.xml:171:9-174:69
193            android:name="com.jiliu.launcher.ui.filemanager.ImagePreviewActivity"
193-->src/main/AndroidManifest.xml:172:13-64
194            android:exported="false"
194-->src/main/AndroidManifest.xml:173:13-37
195            android:theme="@style/Theme.JiLiuLauncher.Fullscreen" />
195-->src/main/AndroidManifest.xml:174:13-66
196
197        <!-- Floating Dock Service -->
198        <service
198-->src/main/AndroidManifest.xml:177:9-184:19
199            android:name="com.jiliu.launcher.service.FloatingDockService"
199-->src/main/AndroidManifest.xml:178:13-56
200            android:exported="false"
200-->src/main/AndroidManifest.xml:179:13-37
201            android:foregroundServiceType="specialUse" >
201-->src/main/AndroidManifest.xml:180:13-55
202            <property
202-->src/main/AndroidManifest.xml:181:13-183:48
203                android:name="android.app.PROPERTY_SPECIAL_USE_FGS_SUBTYPE"
203-->src/main/AndroidManifest.xml:182:17-76
204                android:value="floatingDock" />
204-->src/main/AndroidManifest.xml:183:17-45
205        </service>
206
207        <!-- Floating Music Service -->
208        <service
208-->src/main/AndroidManifest.xml:187:9-190:61
209            android:name="com.jiliu.launcher.service.FloatingMusicService"
209-->src/main/AndroidManifest.xml:188:13-57
210            android:exported="false"
210-->src/main/AndroidManifest.xml:189:13-37
211            android:foregroundServiceType="mediaPlayback" />
211-->src/main/AndroidManifest.xml:190:13-58
212
213        <!-- Music Playback Service -->
214        <service
214-->src/main/AndroidManifest.xml:193:9-200:19
215            android:name="com.jiliu.launcher.service.MusicPlaybackService"
215-->src/main/AndroidManifest.xml:194:13-57
216            android:exported="true"
216-->src/main/AndroidManifest.xml:195:13-36
217            android:foregroundServiceType="mediaPlayback" >
217-->src/main/AndroidManifest.xml:196:13-58
218            <intent-filter>
218-->src/main/AndroidManifest.xml:197:13-199:29
219                <action android:name="androidx.media3.session.MediaSessionService" />
219-->src/main/AndroidManifest.xml:198:17-86
219-->src/main/AndroidManifest.xml:198:25-83
220            </intent-filter>
221        </service>
222
223        <!-- Global Back Accessibility Service -->
224        <service
224-->src/main/AndroidManifest.xml:203:9-213:19
225            android:name="com.jiliu.launcher.service.GlobalBackAccessibilityService"
225-->src/main/AndroidManifest.xml:204:13-67
226            android:exported="false"
226-->src/main/AndroidManifest.xml:206:13-37
227            android:permission="android.permission.BIND_ACCESSIBILITY_SERVICE" >
227-->src/main/AndroidManifest.xml:205:13-79
228            <intent-filter>
228-->src/main/AndroidManifest.xml:207:13-209:29
229                <action android:name="android.accessibilityservice.AccessibilityService" />
229-->src/main/AndroidManifest.xml:208:17-92
229-->src/main/AndroidManifest.xml:208:25-89
230            </intent-filter>
231
232            <meta-data
232-->src/main/AndroidManifest.xml:210:13-212:72
233                android:name="android.accessibilityservice"
233-->src/main/AndroidManifest.xml:211:17-60
234                android:resource="@xml/accessibility_service_config" />
234-->src/main/AndroidManifest.xml:212:17-69
235        </service>
236
237        <!-- Edge Gesture Service -->
238        <service
238-->src/main/AndroidManifest.xml:216:9-223:19
239            android:name="com.jiliu.launcher.service.EdgeGestureService"
239-->src/main/AndroidManifest.xml:217:13-55
240            android:exported="false"
240-->src/main/AndroidManifest.xml:218:13-37
241            android:foregroundServiceType="specialUse" >
241-->src/main/AndroidManifest.xml:219:13-55
242            <property
242-->src/main/AndroidManifest.xml:181:13-183:48
243                android:name="android.app.PROPERTY_SPECIAL_USE_FGS_SUBTYPE"
243-->src/main/AndroidManifest.xml:182:17-76
244                android:value="edgeGesture" />
244-->src/main/AndroidManifest.xml:183:17-45
245        </service>
246
247        <!-- Boot Receiver -->
248        <receiver
248-->src/main/AndroidManifest.xml:226:9-235:20
249            android:name="com.jiliu.launcher.receiver.BootReceiver"
249-->src/main/AndroidManifest.xml:227:13-50
250            android:enabled="true"
250-->src/main/AndroidManifest.xml:229:13-35
251            android:exported="true" >
251-->src/main/AndroidManifest.xml:228:13-36
252            <intent-filter>
252-->src/main/AndroidManifest.xml:230:13-234:29
253                <action android:name="android.intent.action.BOOT_COMPLETED" />
253-->src/main/AndroidManifest.xml:231:17-79
253-->src/main/AndroidManifest.xml:231:25-76
254                <action android:name="android.intent.action.QUICKBOOT_POWERON" />
254-->src/main/AndroidManifest.xml:232:17-82
254-->src/main/AndroidManifest.xml:232:25-79
255                <action android:name="android.intent.action.LOCKED_BOOT_COMPLETED" />
255-->src/main/AndroidManifest.xml:233:17-86
255-->src/main/AndroidManifest.xml:233:25-83
256            </intent-filter>
257        </receiver>
258
259        <!-- Bluetooth Auto Play Receiver -->
260        <receiver
260-->src/main/AndroidManifest.xml:238:9-245:20
261            android:name="com.jiliu.launcher.receiver.BluetoothAutoPlayReceiver"
261-->src/main/AndroidManifest.xml:239:13-63
262            android:exported="false" >
262-->src/main/AndroidManifest.xml:240:13-37
263            <intent-filter>
263-->src/main/AndroidManifest.xml:241:13-244:29
264                <action android:name="android.bluetooth.device.action.ACL_CONNECTED" />
264-->src/main/AndroidManifest.xml:242:17-88
264-->src/main/AndroidManifest.xml:242:25-85
265                <action android:name="android.bluetooth.device.action.ACL_DISCONNECTED" />
265-->src/main/AndroidManifest.xml:243:17-91
265-->src/main/AndroidManifest.xml:243:25-88
266            </intent-filter>
267        </receiver>
268
269        <!-- Launcher Provider -->
270        <provider
271            android:name="com.jiliu.launcher.util.LauncherProvider"
271-->src/main/AndroidManifest.xml:249:13-50
272            android:authorities="com.jiliu.launcher.provider"
272-->src/main/AndroidManifest.xml:250:13-60
273            android:exported="false"
273-->src/main/AndroidManifest.xml:251:13-37
274            android:grantUriPermissions="true" />
274-->src/main/AndroidManifest.xml:252:13-47
275
276        <!-- Property for Car API -->
277        <meta-data
277-->src/main/AndroidManifest.xml:255:9-257:36
278            android:name="com.android.car.app"
278-->src/main/AndroidManifest.xml:256:13-47
279            android:value="true" />
279-->src/main/AndroidManifest.xml:257:13-33
280
281        <activity
281-->[androidx.car.app:app:1.4.0] AndroidManifest.xml:31:9-34:75
282            android:name="androidx.car.app.CarAppPermissionActivity"
282-->[androidx.car.app:app:1.4.0] AndroidManifest.xml:32:13-69
283            android:exported="false"
283-->[androidx.car.app:app:1.4.0] AndroidManifest.xml:33:13-37
284            android:theme="@android:style/Theme.Translucent.NoTitleBar" />
284-->[androidx.car.app:app:1.4.0] AndroidManifest.xml:34:13-72
285
286        <receiver
286-->[androidx.car.app:app:1.4.0] AndroidManifest.xml:36:9-38:40
287            android:name="androidx.car.app.notification.CarAppNotificationBroadcastReceiver"
287-->[androidx.car.app:app:1.4.0] AndroidManifest.xml:37:13-93
288            android:exported="false" />
288-->[androidx.car.app:app:1.4.0] AndroidManifest.xml:38:13-37
289
290        <provider
290-->[androidx.emoji2:emoji2:1.2.0] AndroidManifest.xml:24:9-32:20
291            android:name="androidx.startup.InitializationProvider"
291-->[androidx.emoji2:emoji2:1.2.0] AndroidManifest.xml:25:13-67
292            android:authorities="com.jiliu.launcher.androidx-startup"
292-->[androidx.emoji2:emoji2:1.2.0] AndroidManifest.xml:26:13-68
293            android:exported="false" >
293-->[androidx.emoji2:emoji2:1.2.0] AndroidManifest.xml:27:13-37
294            <meta-data
294-->[androidx.emoji2:emoji2:1.2.0] AndroidManifest.xml:29:13-31:52
295                android:name="androidx.emoji2.text.EmojiCompatInitializer"
295-->[androidx.emoji2:emoji2:1.2.0] AndroidManifest.xml:30:17-75
296                android:value="androidx.startup" />
296-->[androidx.emoji2:emoji2:1.2.0] AndroidManifest.xml:31:17-49
297            <meta-data
297-->[androidx.work:work-runtime:2.9.0] AndroidManifest.xml:34:13-36:52
298                android:name="androidx.work.WorkManagerInitializer"
298-->[androidx.work:work-runtime:2.9.0] AndroidManifest.xml:35:17-68
299                android:value="androidx.startup" />
299-->[androidx.work:work-runtime:2.9.0] AndroidManifest.xml:36:17-49
300            <meta-data
300-->[androidx.lifecycle:lifecycle-process:2.7.0] AndroidManifest.xml:29:13-31:52
301                android:name="androidx.lifecycle.ProcessLifecycleInitializer"
301-->[androidx.lifecycle:lifecycle-process:2.7.0] AndroidManifest.xml:30:17-78
302                android:value="androidx.startup" />
302-->[androidx.lifecycle:lifecycle-process:2.7.0] AndroidManifest.xml:31:17-49
303            <meta-data
303-->[androidx.profileinstaller:profileinstaller:1.3.1] AndroidManifest.xml:29:13-31:52
304                android:name="androidx.profileinstaller.ProfileInstallerInitializer"
304-->[androidx.profileinstaller:profileinstaller:1.3.1] AndroidManifest.xml:30:17-85
305                android:value="androidx.startup" />
305-->[androidx.profileinstaller:profileinstaller:1.3.1] AndroidManifest.xml:31:17-49
306        </provider>
307
308        <uses-library
308-->[androidx.window:window:1.0.0] AndroidManifest.xml:25:9-27:40
309            android:name="androidx.window.extensions"
309-->[androidx.window:window:1.0.0] AndroidManifest.xml:26:13-54
310            android:required="false" />
310-->[androidx.window:window:1.0.0] AndroidManifest.xml:27:13-37
311        <uses-library
311-->[androidx.window:window:1.0.0] AndroidManifest.xml:28:9-30:40
312            android:name="androidx.window.sidecar"
312-->[androidx.window:window:1.0.0] AndroidManifest.xml:29:13-51
313            android:required="false" />
313-->[androidx.window:window:1.0.0] AndroidManifest.xml:30:13-37
314
315        <service
315-->[androidx.work:work-runtime:2.9.0] AndroidManifest.xml:39:9-45:35
316            android:name="androidx.work.impl.background.systemalarm.SystemAlarmService"
316-->[androidx.work:work-runtime:2.9.0] AndroidManifest.xml:40:13-88
317            android:directBootAware="false"
317-->[androidx.work:work-runtime:2.9.0] AndroidManifest.xml:41:13-44
318            android:enabled="@bool/enable_system_alarm_service_default"
318-->[androidx.work:work-runtime:2.9.0] AndroidManifest.xml:42:13-72
319            android:exported="false" />
319-->[androidx.work:work-runtime:2.9.0] AndroidManifest.xml:43:13-37
320        <service
320-->[androidx.work:work-runtime:2.9.0] AndroidManifest.xml:46:9-52:35
321            android:name="androidx.work.impl.background.systemjob.SystemJobService"
321-->[androidx.work:work-runtime:2.9.0] AndroidManifest.xml:47:13-84
322            android:directBootAware="false"
322-->[androidx.work:work-runtime:2.9.0] AndroidManifest.xml:48:13-44
323            android:enabled="@bool/enable_system_job_service_default"
323-->[androidx.work:work-runtime:2.9.0] AndroidManifest.xml:49:13-70
324            android:exported="true"
324-->[androidx.work:work-runtime:2.9.0] AndroidManifest.xml:50:13-36
325            android:permission="android.permission.BIND_JOB_SERVICE" />
325-->[androidx.work:work-runtime:2.9.0] AndroidManifest.xml:51:13-69
326        <service
326-->[androidx.work:work-runtime:2.9.0] AndroidManifest.xml:53:9-59:35
327            android:name="androidx.work.impl.foreground.SystemForegroundService"
327-->[androidx.work:work-runtime:2.9.0] AndroidManifest.xml:54:13-81
328            android:directBootAware="false"
328-->[androidx.work:work-runtime:2.9.0] AndroidManifest.xml:55:13-44
329            android:enabled="@bool/enable_system_foreground_service_default"
329-->[androidx.work:work-runtime:2.9.0] AndroidManifest.xml:56:13-77
330            android:exported="false" />
330-->[androidx.work:work-runtime:2.9.0] AndroidManifest.xml:57:13-37
331
332        <receiver
332-->[androidx.work:work-runtime:2.9.0] AndroidManifest.xml:61:9-66:35
333            android:name="androidx.work.impl.utils.ForceStopRunnable$BroadcastReceiver"
333-->[androidx.work:work-runtime:2.9.0] AndroidManifest.xml:62:13-88
334            android:directBootAware="false"
334-->[androidx.work:work-runtime:2.9.0] AndroidManifest.xml:63:13-44
335            android:enabled="true"
335-->[androidx.work:work-runtime:2.9.0] AndroidManifest.xml:64:13-35
336            android:exported="false" />
336-->[androidx.work:work-runtime:2.9.0] AndroidManifest.xml:65:13-37
337        <receiver
337-->[androidx.work:work-runtime:2.9.0] AndroidManifest.xml:67:9-77:20
338            android:name="androidx.work.impl.background.systemalarm.ConstraintProxy$BatteryChargingProxy"
338-->[androidx.work:work-runtime:2.9.0] AndroidManifest.xml:68:13-106
339            android:directBootAware="false"
339-->[androidx.work:work-runtime:2.9.0] AndroidManifest.xml:69:13-44
340            android:enabled="false"
340-->[androidx.work:work-runtime:2.9.0] AndroidManifest.xml:70:13-36
341            android:exported="false" >
341-->[androidx.work:work-runtime:2.9.0] AndroidManifest.xml:71:13-37
342            <intent-filter>
342-->[androidx.work:work-runtime:2.9.0] AndroidManifest.xml:73:13-76:29
343                <action android:name="android.intent.action.ACTION_POWER_CONNECTED" />
343-->[androidx.work:work-runtime:2.9.0] AndroidManifest.xml:74:17-87
343-->[androidx.work:work-runtime:2.9.0] AndroidManifest.xml:74:25-84